<?xml version="1.0"?>
<!DOCTYPE coverage SYSTEM "http://cobertura.sourceforge.net/xml/coverage-04.dtd">

<coverage line-rate="0.0" branch-rate="1.0" lines-covered="0" lines-valid="29" branches-covered="0" branches-valid="0" complexity="1.0" version="2.0.3" timestamp="1420039033478">
	<sources>
		<source>--source</source>
		<source>/Users/martinkanold/Documents/workspace/Pattern/Structural_Patterns/Decorator_Pattern/decorator-textdatei-demo/src/main/java</source>
	</sources>
	<packages>
		<package name="de.decorator.textdatei" line-rate="0.0" branch-rate="1.0" complexity="1.0">
			<classes>
				<class name="de.decorator.textdatei.EntitiesUmgewandeltTextdateiDekorierer" filename="de/decorator/textdatei/EntitiesUmgewandeltTextdateiDekorierer.java" line-rate="0.0" branch-rate="1.0" complexity="1.0">
					<methods>
						<method name="&lt;clinit&gt;" signature="()V" line-rate="0.0" branch-rate="1.0">
							<lines>
								<line number="8" hits="0" branch="false"/>
								<line number="9" hits="0" branch="false"/>
							</lines>
						</method>
						<method name="&lt;init&gt;" signature="(Lde/decorator/textdatei/TextDatei;)V" line-rate="0.0" branch-rate="1.0">
							<lines>
								<line number="11" hits="0" branch="false"/>
								<line number="12" hits="0" branch="false"/>
								<line number="13" hits="0" branch="false"/>
							</lines>
						</method>
						<method name="speichern" signature="(Ljava/lang/String;)Ljava/lang/String;" line-rate="0.0" branch-rate="1.0">
							<lines>
								<line number="16" hits="0" branch="false"/>
							</lines>
						</method>
						<method name="umwandeln" signature="(Ljava/lang/String;)Ljava/lang/String;" line-rate="0.0" branch-rate="1.0">
							<lines>
								<line number="20" hits="0" branch="false"/>
								<line number="21" hits="0" branch="false"/>
							</lines>
						</method>
					</methods>
					<lines>
						<line number="8" hits="0" branch="false"/>
						<line number="9" hits="0" branch="false"/>
						<line number="11" hits="0" branch="false"/>
						<line number="12" hits="0" branch="false"/>
						<line number="13" hits="0" branch="false"/>
						<line number="16" hits="0" branch="false"/>
						<line number="20" hits="0" branch="false"/>
						<line number="21" hits="0" branch="false"/>
					</lines>
				</class>
				<class name="de.decorator.textdatei.KomprimierteTextdateiDekorierer" filename="de/decorator/textdatei/KomprimierteTextdateiDekorierer.java" line-rate="0.0" branch-rate="1.0" complexity="1.0">
					<methods>
						<method name="&lt;clinit&gt;" signature="()V" line-rate="0.0" branch-rate="1.0">
							<lines>
								<line number="8" hits="0" branch="false"/>
								<line number="9" hits="0" branch="false"/>
							</lines>
						</method>
						<method name="&lt;init&gt;" signature="(Lde/decorator/textdatei/TextDatei;)V" line-rate="0.0" branch-rate="1.0">
							<lines>
								<line number="11" hits="0" branch="false"/>
								<line number="12" hits="0" branch="false"/>
								<line number="13" hits="0" branch="false"/>
							</lines>
						</method>
						<method name="komprimieren" signature="(Ljava/lang/String;)Ljava/lang/String;" line-rate="0.0" branch-rate="1.0">
							<lines>
								<line number="20" hits="0" branch="false"/>
								<line number="21" hits="0" branch="false"/>
							</lines>
						</method>
						<method name="speichern" signature="(Ljava/lang/String;)Ljava/lang/String;" line-rate="0.0" branch-rate="1.0">
							<lines>
								<line number="16" hits="0" branch="false"/>
							</lines>
						</method>
					</methods>
					<lines>
						<line number="8" hits="0" branch="false"/>
						<line number="9" hits="0" branch="false"/>
						<line number="11" hits="0" branch="false"/>
						<line number="12" hits="0" branch="false"/>
						<line number="13" hits="0" branch="false"/>
						<line number="16" hits="0" branch="false"/>
						<line number="20" hits="0" branch="false"/>
						<line number="21" hits="0" branch="false"/>
					</lines>
				</class>
				<class name="de.decorator.textdatei.KonkreteTextDatei" filename="de/decorator/textdatei/KonkreteTextDatei.java" line-rate="0.0" branch-rate="1.0" complexity="1.0">
					<methods>
						<method name="&lt;clinit&gt;" signature="()V" line-rate="0.0" branch-rate="1.0">
							<lines>
								<line number="7" hits="0" branch="false"/>
							</lines>
						</method>
						<method name="&lt;init&gt;" signature="()V" line-rate="0.0" branch-rate="1.0">
							<lines>
								<line number="5" hits="0" branch="false"/>
							</lines>
						</method>
						<method name="speichern" signature="(Ljava/lang/String;)Ljava/lang/String;" line-rate="0.0" branch-rate="1.0">
							<lines>
								<line number="11" hits="0" branch="false"/>
								<line number="12" hits="0" branch="false"/>
							</lines>
						</method>
					</methods>
					<lines>
						<line number="5" hits="0" branch="false"/>
						<line number="7" hits="0" branch="false"/>
						<line number="11" hits="0" branch="false"/>
						<line number="12" hits="0" branch="false"/>
					</lines>
				</class>
				<class name="de.decorator.textdatei.TextDatei" filename="de/decorator/textdatei/TextDatei.java" line-rate="0.0" branch-rate="1.0" complexity="1.0">
					<methods>
						<method name="&lt;init&gt;" signature="()V" line-rate="0.0" branch-rate="1.0">
							<lines>
								<line number="3" hits="0" branch="false"/>
							</lines>
						</method>
					</methods>
					<lines>
						<line number="3" hits="0" branch="false"/>
					</lines>
				</class>
				<class name="de.decorator.textdatei.TextDateiApp" filename="de/decorator/textdatei/TextDateiApp.java" line-rate="0.0" branch-rate="1.0" complexity="1.0">
					<methods>
						<method name="&lt;init&gt;" signature="()V" line-rate="0.0" branch-rate="1.0">
							<lines>
								<line number="5" hits="0" branch="false"/>
								<line number="7" hits="0" branch="false"/>
							</lines>
						</method>
						<method name="main" signature="([Ljava/lang/String;)V" line-rate="0.0" branch-rate="1.0">
							<lines>
								<line number="10" hits="0" branch="false"/>
								<line number="11" hits="0" branch="false"/>
								<line number="12" hits="0" branch="false"/>
								<line number="13" hits="0" branch="false"/>
								<line number="14" hits="0" branch="false"/>
							</lines>
						</method>
					</methods>
					<lines>
						<line number="5" hits="0" branch="false"/>
						<line number="7" hits="0" branch="false"/>
						<line number="10" hits="0" branch="false"/>
						<line number="11" hits="0" branch="false"/>
						<line number="12" hits="0" branch="false"/>
						<line number="13" hits="0" branch="false"/>
						<line number="14" hits="0" branch="false"/>
					</lines>
				</class>
				<class name="de.decorator.textdatei.TextDateiDekorierer" filename="de/decorator/textdatei/TextDateiDekorierer.java" line-rate="0.0" branch-rate="1.0" complexity="1.0">
					<methods>
						<method name="&lt;init&gt;" signature="()V" line-rate="0.0" branch-rate="1.0">
							<lines>
								<line number="3" hits="0" branch="false"/>
							</lines>
						</method>
					</methods>
					<lines>
						<line number="3" hits="0" branch="false"/>
					</lines>
				</class>
			</classes>
		</package>
	</packages>
</coverage>
