<?xml version="1.0"?>
<!DOCTYPE coverage SYSTEM "http://cobertura.sourceforge.net/xml/coverage-04.dtd">

<coverage line-rate="0.0" branch-rate="0.0" lines-covered="0" lines-valid="46" branches-covered="0" branches-valid="10" complexity="1.6363636363636365" version="2.0.3" timestamp="1420039039420">
	<sources>
		<source>/Users/martinkanold/Documents/workspace/Pattern/Structural_Patterns/Facade_Pattern/facade-travel-demo/src/main/java</source>
		<source>--source</source>
	</sources>
	<packages>
		<package name="de.facade.travel" line-rate="0.0" branch-rate="0.0" complexity="1.6363636363636365">
			<classes>
				<class name="de.facade.travel.Flight" filename="de/facade/travel/Flight.java" line-rate="0.0" branch-rate="1.0" complexity="1.0">
					<methods>
						<method name="&lt;init&gt;" signature="(Ljava/lang/String;)V" line-rate="0.0" branch-rate="1.0">
							<lines>
								<line number="5" hits="0" branch="false"/>
								<line number="7" hits="0" branch="false"/>
								<line number="8" hits="0" branch="false"/>
								<line number="9" hits="0" branch="false"/>
							</lines>
						</method>
						<method name="getDescription" signature="()Ljava/lang/String;" line-rate="0.0" branch-rate="1.0">
							<lines>
								<line number="12" hits="0" branch="false"/>
							</lines>
						</method>
					</methods>
					<lines>
						<line number="5" hits="0" branch="false"/>
						<line number="7" hits="0" branch="false"/>
						<line number="8" hits="0" branch="false"/>
						<line number="9" hits="0" branch="false"/>
						<line number="12" hits="0" branch="false"/>
					</lines>
				</class>
				<class name="de.facade.travel.FlightBooker" filename="de/facade/travel/FlightBooker.java" line-rate="0.0" branch-rate="0.0" complexity="2.0">
					<methods>
						<method name="&lt;init&gt;" signature="()V" line-rate="0.0" branch-rate="1.0">
							<lines>
								<line number="7" hits="0" branch="false"/>
								<line number="9" hits="0" branch="false"/>
								<line number="10" hits="0" branch="false"/>
								<line number="11" hits="0" branch="false"/>
								<line number="12" hits="0" branch="false"/>
							</lines>
						</method>
						<method name="getFlightsFor" signature="(Ljava/util/Date;Ljava/util/Date;)Ljava/util/List;" line-rate="0.0" branch-rate="0.0">
							<lines>
								<line number="15" hits="0" branch="true" condition-coverage="0% (0/2)">
									<conditions>
										<condition number="0" type="jump" coverage="0%"/>
									</conditions>
								</line>
								<line number="16" hits="0" branch="false"/>
								<line number="18" hits="0" branch="false"/>
							</lines>
						</method>
					</methods>
					<lines>
						<line number="7" hits="0" branch="false"/>
						<line number="9" hits="0" branch="false"/>
						<line number="10" hits="0" branch="false"/>
						<line number="11" hits="0" branch="false"/>
						<line number="12" hits="0" branch="false"/>
						<line number="15" hits="0" branch="true" condition-coverage="0% (0/2)">
							<conditions>
								<condition number="0" type="jump" coverage="0%"/>
							</conditions>
						</line>
						<line number="16" hits="0" branch="false"/>
						<line number="18" hits="0" branch="false"/>
					</lines>
				</class>
				<class name="de.facade.travel.Hotel" filename="de/facade/travel/Hotel.java" line-rate="0.0" branch-rate="1.0" complexity="1.0">
					<methods>
						<method name="&lt;init&gt;" signature="(Ljava/lang/String;)V" line-rate="0.0" branch-rate="1.0">
							<lines>
								<line number="4" hits="0" branch="false"/>
								<line number="6" hits="0" branch="false"/>
								<line number="7" hits="0" branch="false"/>
								<line number="8" hits="0" branch="false"/>
							</lines>
						</method>
						<method name="getDescription" signature="()Ljava/lang/String;" line-rate="0.0" branch-rate="1.0">
							<lines>
								<line number="11" hits="0" branch="false"/>
							</lines>
						</method>
					</methods>
					<lines>
						<line number="4" hits="0" branch="false"/>
						<line number="6" hits="0" branch="false"/>
						<line number="7" hits="0" branch="false"/>
						<line number="8" hits="0" branch="false"/>
						<line number="11" hits="0" branch="false"/>
					</lines>
				</class>
				<class name="de.facade.travel.HotelBooker" filename="de/facade/travel/HotelBooker.java" line-rate="0.0" branch-rate="0.0" complexity="2.0">
					<methods>
						<method name="&lt;init&gt;" signature="()V" line-rate="0.0" branch-rate="1.0">
							<lines>
								<line number="7" hits="0" branch="false"/>
								<line number="9" hits="0" branch="false"/>
								<line number="10" hits="0" branch="false"/>
								<line number="11" hits="0" branch="false"/>
								<line number="12" hits="0" branch="false"/>
							</lines>
						</method>
						<method name="getHotelsFor" signature="(Ljava/util/Date;Ljava/util/Date;)Ljava/util/List;" line-rate="0.0" branch-rate="0.0">
							<lines>
								<line number="15" hits="0" branch="true" condition-coverage="0% (0/2)">
									<conditions>
										<condition number="0" type="jump" coverage="0%"/>
									</conditions>
								</line>
								<line number="16" hits="0" branch="false"/>
								<line number="18" hits="0" branch="false"/>
							</lines>
						</method>
					</methods>
					<lines>
						<line number="7" hits="0" branch="false"/>
						<line number="9" hits="0" branch="false"/>
						<line number="10" hits="0" branch="false"/>
						<line number="11" hits="0" branch="false"/>
						<line number="12" hits="0" branch="false"/>
						<line number="15" hits="0" branch="true" condition-coverage="0% (0/2)">
							<conditions>
								<condition number="0" type="jump" coverage="0%"/>
							</conditions>
						</line>
						<line number="16" hits="0" branch="false"/>
						<line number="18" hits="0" branch="false"/>
					</lines>
				</class>
				<class name="de.facade.travel.TravelApp" filename="de/facade/travel/TravelApp.java" line-rate="0.0" branch-rate="0.0" complexity="1.5">
					<methods>
						<method name="&lt;clinit&gt;" signature="()V" line-rate="0.0" branch-rate="1.0">
							<lines>
								<line number="7" hits="0" branch="false"/>
							</lines>
						</method>
						<method name="&lt;init&gt;" signature="()V" line-rate="0.0" branch-rate="1.0">
							<lines>
								<line number="9" hits="0" branch="false"/>
								<line number="11" hits="0" branch="false"/>
							</lines>
						</method>
						<method name="main" signature="([Ljava/lang/String;)V" line-rate="0.0" branch-rate="0.0">
							<lines>
								<line number="14" hits="0" branch="false"/>
								<line number="15" hits="0" branch="false"/>
								<line number="16" hits="0" branch="false"/>
								<line number="18" hits="0" branch="true" condition-coverage="0% (0/2)">
									<conditions>
										<condition number="0" type="jump" coverage="0%"/>
									</conditions>
								</line>
								<line number="19" hits="0" branch="false"/>
								<line number="21" hits="0" branch="false"/>
							</lines>
						</method>
					</methods>
					<lines>
						<line number="7" hits="0" branch="false"/>
						<line number="9" hits="0" branch="false"/>
						<line number="11" hits="0" branch="false"/>
						<line number="14" hits="0" branch="false"/>
						<line number="15" hits="0" branch="false"/>
						<line number="16" hits="0" branch="false"/>
						<line number="18" hits="0" branch="true" condition-coverage="0% (0/2)">
							<conditions>
								<condition number="0" type="jump" coverage="0%"/>
							</conditions>
						</line>
						<line number="19" hits="0" branch="false"/>
						<line number="21" hits="0" branch="false"/>
					</lines>
				</class>
				<class name="de.facade.travel.TravelFacade" filename="de/facade/travel/TravelFacade.java" line-rate="0.0" branch-rate="0.0" complexity="3.0">
					<methods>
						<method name="&lt;init&gt;" signature="()V" line-rate="0.0" branch-rate="1.0">
							<lines>
								<line number="5" hits="0" branch="false"/>
							</lines>
						</method>
						<method name="getFlightsAndHotels" signature="(Ljava/util/Date;Ljava/util/Date;)Ljava/util/List;" line-rate="0.0" branch-rate="0.0">
							<lines>
								<line number="11" hits="0" branch="false"/>
								<line number="12" hits="0" branch="false"/>
								<line number="13" hits="0" branch="false"/>
								<line number="14" hits="0" branch="false"/>
								<line number="15" hits="0" branch="true" condition-coverage="0% (0/2)">
									<conditions>
										<condition number="0" type="jump" coverage="0%"/>
									</conditions>
								</line>
								<line number="16" hits="0" branch="false"/>
								<line number="18" hits="0" branch="false"/>
								<line number="20" hits="0" branch="true" condition-coverage="0% (0/2)">
									<conditions>
										<condition number="0" type="jump" coverage="0%"/>
									</conditions>
								</line>
								<line number="21" hits="0" branch="false"/>
								<line number="24" hits="0" branch="false"/>
							</lines>
						</method>
					</methods>
					<lines>
						<line number="5" hits="0" branch="false"/>
						<line number="11" hits="0" branch="false"/>
						<line number="12" hits="0" branch="false"/>
						<line number="13" hits="0" branch="false"/>
						<line number="14" hits="0" branch="false"/>
						<line number="15" hits="0" branch="true" condition-coverage="0% (0/2)">
							<conditions>
								<condition number="0" type="jump" coverage="0%"/>
							</conditions>
						</line>
						<line number="16" hits="0" branch="false"/>
						<line number="18" hits="0" branch="false"/>
						<line number="20" hits="0" branch="true" condition-coverage="0% (0/2)">
							<conditions>
								<condition number="0" type="jump" coverage="0%"/>
							</conditions>
						</line>
						<line number="21" hits="0" branch="false"/>
						<line number="24" hits="0" branch="false"/>
					</lines>
				</class>
			</classes>
		</package>
	</packages>
</coverage>
