<?xml version="1.0"?>
<!DOCTYPE coverage SYSTEM "http://cobertura.sourceforge.net/xml/coverage-04.dtd">

<coverage line-rate="0.0" branch-rate="1.0" lines-covered="0" lines-valid="47" branches-covered="0" branches-valid="0" complexity="1.0" version="2.0.3" timestamp="1420024418212">
	<sources>
		<source>--source</source>
		<source>/Users/martinkanold/Documents/workspace/Pattern/Creational_Patterns/Builder_Pattern/builder-starbucks-demo/src/main/java</source>
	</sources>
	<packages>
		<package name="de.builder.starbucks" line-rate="0.0" branch-rate="1.0" complexity="1.0">
			<classes>
				<class name="de.builder.starbucks.CoffeeBuilder" filename="de/builder/starbucks/CoffeeBuilder.java" line-rate="0.0" branch-rate="1.0" complexity="1.0">
					<methods>
						<method name="&lt;clinit&gt;" signature="()V" line-rate="0.0" branch-rate="1.0">
							<lines>
								<line number="6" hits="0" branch="false"/>
							</lines>
						</method>
						<method name="&lt;init&gt;" signature="()V" line-rate="0.0" branch-rate="1.0">
							<lines>
								<line number="5" hits="0" branch="false"/>
							</lines>
						</method>
						<method name="buildDrink" signature="()V" line-rate="0.0" branch-rate="1.0">
							<lines>
								<line number="14" hits="0" branch="false"/>
								<line number="15" hits="0" branch="false"/>
								<line number="16" hits="0" branch="false"/>
							</lines>
						</method>
						<method name="buildSize" signature="()V" line-rate="0.0" branch-rate="1.0">
							<lines>
								<line number="9" hits="0" branch="false"/>
								<line number="10" hits="0" branch="false"/>
								<line number="11" hits="0" branch="false"/>
							</lines>
						</method>
					</methods>
					<lines>
						<line number="5" hits="0" branch="false"/>
						<line number="6" hits="0" branch="false"/>
						<line number="9" hits="0" branch="false"/>
						<line number="10" hits="0" branch="false"/>
						<line number="11" hits="0" branch="false"/>
						<line number="14" hits="0" branch="false"/>
						<line number="15" hits="0" branch="false"/>
						<line number="16" hits="0" branch="false"/>
					</lines>
				</class>
				<class name="de.builder.starbucks.Starbucks" filename="de/builder/starbucks/Starbucks.java" line-rate="0.0" branch-rate="1.0" complexity="1.0">
					<methods>
						<method name="&lt;init&gt;" signature="()V" line-rate="0.0" branch-rate="1.0">
							<lines>
								<line number="3" hits="0" branch="false"/>
							</lines>
						</method>
						<method name="getDrink" signature="()Ljava/lang/String;" line-rate="0.0" branch-rate="1.0">
							<lines>
								<line number="16" hits="0" branch="false"/>
							</lines>
						</method>
						<method name="setDrink" signature="(Ljava/lang/String;)V" line-rate="0.0" branch-rate="1.0">
							<lines>
								<line number="12" hits="0" branch="false"/>
								<line number="13" hits="0" branch="false"/>
							</lines>
						</method>
						<method name="setSize" signature="(Ljava/lang/String;)V" line-rate="0.0" branch-rate="1.0">
							<lines>
								<line number="8" hits="0" branch="false"/>
								<line number="9" hits="0" branch="false"/>
							</lines>
						</method>
					</methods>
					<lines>
						<line number="3" hits="0" branch="false"/>
						<line number="8" hits="0" branch="false"/>
						<line number="9" hits="0" branch="false"/>
						<line number="12" hits="0" branch="false"/>
						<line number="13" hits="0" branch="false"/>
						<line number="16" hits="0" branch="false"/>
					</lines>
				</class>
				<class name="de.builder.starbucks.StarbucksApp" filename="de/builder/starbucks/StarbucksApp.java" line-rate="0.0" branch-rate="1.0" complexity="1.0">
					<methods>
						<method name="&lt;clinit&gt;" signature="()V" line-rate="0.0" branch-rate="1.0">
							<lines>
								<line number="6" hits="0" branch="false"/>
							</lines>
						</method>
						<method name="&lt;init&gt;" signature="()V" line-rate="0.0" branch-rate="1.0">
							<lines>
								<line number="8" hits="0" branch="false"/>
								<line number="10" hits="0" branch="false"/>
							</lines>
						</method>
						<method name="main" signature="([Ljava/lang/String;)V" line-rate="0.0" branch-rate="1.0">
							<lines>
								<line number="13" hits="0" branch="false"/>
								<line number="15" hits="0" branch="false"/>
								<line number="16" hits="0" branch="false"/>
								<line number="18" hits="0" branch="false"/>
								<line number="19" hits="0" branch="false"/>
								<line number="22" hits="0" branch="false"/>
								<line number="23" hits="0" branch="false"/>
								<line number="25" hits="0" branch="false"/>
							</lines>
						</method>
					</methods>
					<lines>
						<line number="6" hits="0" branch="false"/>
						<line number="8" hits="0" branch="false"/>
						<line number="10" hits="0" branch="false"/>
						<line number="13" hits="0" branch="false"/>
						<line number="15" hits="0" branch="false"/>
						<line number="16" hits="0" branch="false"/>
						<line number="18" hits="0" branch="false"/>
						<line number="19" hits="0" branch="false"/>
						<line number="22" hits="0" branch="false"/>
						<line number="23" hits="0" branch="false"/>
						<line number="25" hits="0" branch="false"/>
					</lines>
				</class>
				<class name="de.builder.starbucks.StarbucksBuilder" filename="de/builder/starbucks/StarbucksBuilder.java" line-rate="0.0" branch-rate="1.0" complexity="1.0">
					<methods>
						<method name="&lt;clinit&gt;" signature="()V" line-rate="0.0" branch-rate="1.0">
							<lines>
								<line number="7" hits="0" branch="false"/>
							</lines>
						</method>
						<method name="&lt;init&gt;" signature="()V" line-rate="0.0" branch-rate="1.0">
							<lines>
								<line number="5" hits="0" branch="false"/>
							</lines>
						</method>
						<method name="createStarbucks" signature="()V" line-rate="0.0" branch-rate="1.0">
							<lines>
								<line number="14" hits="0" branch="false"/>
								<line number="15" hits="0" branch="false"/>
								<line number="16" hits="0" branch="false"/>
							</lines>
						</method>
						<method name="getStarbucks" signature="()Lde/builder/starbucks/Starbucks;" line-rate="0.0" branch-rate="1.0">
							<lines>
								<line number="10" hits="0" branch="false"/>
							</lines>
						</method>
					</methods>
					<lines>
						<line number="5" hits="0" branch="false"/>
						<line number="7" hits="0" branch="false"/>
						<line number="10" hits="0" branch="false"/>
						<line number="14" hits="0" branch="false"/>
						<line number="15" hits="0" branch="false"/>
						<line number="16" hits="0" branch="false"/>
					</lines>
				</class>
				<class name="de.builder.starbucks.TeaBuilder" filename="de/builder/starbucks/TeaBuilder.java" line-rate="0.0" branch-rate="1.0" complexity="1.0">
					<methods>
						<method name="&lt;clinit&gt;" signature="()V" line-rate="0.0" branch-rate="1.0">
							<lines>
								<line number="7" hits="0" branch="false"/>
							</lines>
						</method>
						<method name="&lt;init&gt;" signature="()V" line-rate="0.0" branch-rate="1.0">
							<lines>
								<line number="5" hits="0" branch="false"/>
							</lines>
						</method>
						<method name="buildDrink" signature="()V" line-rate="0.0" branch-rate="1.0">
							<lines>
								<line number="15" hits="0" branch="false"/>
								<line number="16" hits="0" branch="false"/>
								<line number="17" hits="0" branch="false"/>
							</lines>
						</method>
						<method name="buildSize" signature="()V" line-rate="0.0" branch-rate="1.0">
							<lines>
								<line number="10" hits="0" branch="false"/>
								<line number="11" hits="0" branch="false"/>
								<line number="12" hits="0" branch="false"/>
							</lines>
						</method>
					</methods>
					<lines>
						<line number="5" hits="0" branch="false"/>
						<line number="7" hits="0" branch="false"/>
						<line number="10" hits="0" branch="false"/>
						<line number="11" hits="0" branch="false"/>
						<line number="12" hits="0" branch="false"/>
						<line number="15" hits="0" branch="false"/>
						<line number="16" hits="0" branch="false"/>
						<line number="17" hits="0" branch="false"/>
					</lines>
				</class>
				<class name="de.builder.starbucks.Waiter" filename="de/builder/starbucks/Waiter.java" line-rate="0.0" branch-rate="1.0" complexity="1.0">
					<methods>
						<method name="&lt;init&gt;" signature="()V" line-rate="0.0" branch-rate="1.0">
							<lines>
								<line number="3" hits="0" branch="false"/>
							</lines>
						</method>
						<method name="constructStarbucks" signature="()V" line-rate="0.0" branch-rate="1.0">
							<lines>
								<line number="15" hits="0" branch="false"/>
								<line number="16" hits="0" branch="false"/>
								<line number="17" hits="0" branch="false"/>
								<line number="18" hits="0" branch="false"/>
							</lines>
						</method>
						<method name="getstarbucksDrink" signature="()Lde/builder/starbucks/Starbucks;" line-rate="0.0" branch-rate="1.0">
							<lines>
								<line number="11" hits="0" branch="false"/>
							</lines>
						</method>
						<method name="setStarbucksBuilder" signature="(Lde/builder/starbucks/StarbucksBuilder;)V" line-rate="0.0" branch-rate="1.0">
							<lines>
								<line number="7" hits="0" branch="false"/>
								<line number="8" hits="0" branch="false"/>
							</lines>
						</method>
					</methods>
					<lines>
						<line number="3" hits="0" branch="false"/>
						<line number="7" hits="0" branch="false"/>
						<line number="8" hits="0" branch="false"/>
						<line number="11" hits="0" branch="false"/>
						<line number="15" hits="0" branch="false"/>
						<line number="16" hits="0" branch="false"/>
						<line number="17" hits="0" branch="false"/>
						<line number="18" hits="0" branch="false"/>
					</lines>
				</class>
			</classes>
		</package>
	</packages>
</coverage>
